<?xml version="1.0" encoding="UTF-8"?>
<testng-results ignored="0" total="1" passed="1" failed="0" skipped="0">
  <reporter-output>
    <line>
      <![CDATA[Setting up report and Test started]]>
    </line>
    <line>
      <![CDATA[Settings done Test can be started]]>
    </line>
    <line>
      <![CDATA[Browser started running]]>
    </line>
    <line>
      <![CDATA[Reports Generated]]>
    </line>
  </reporter-output>
  <suite started-at="2020-09-05T09:46:11 IST" name="Suite" finished-at="2020-09-05T09:46:41 IST" duration-ms="29955">
    <groups>
    </groups>
    <test started-at="2020-09-05T09:46:11 IST" name="Test" finished-at="2020-09-05T09:46:41 IST" duration-ms="29955">
      <class name="com.learnautomation.testcases.LoginTestFB">
        <test-method is-config="true" signature="setUpSuite()[pri:0, instance:com.learnautomation.testcases.LoginTestFB@1a84f40f]" started-at="2020-09-05T09:46:10 IST" name="setUpSuite" finished-at="2020-09-05T09:46:11 IST" duration-ms="787" status="PASS">
          <reporter-output>
            <line>
              <![CDATA[Setting up report and Test started]]>
            </line>
            <line>
              <![CDATA[Settings done Test can be started]]>
            </line>
          </reporter-output>
        </test-method> <!-- setUpSuite -->
        <test-method is-config="true" signature="setup(java.lang.String, java.lang.String)[pri:0, instance:com.learnautomation.testcases.LoginTestFB@1a84f40f]" started-at="2020-09-05T09:46:11 IST" name="setup" finished-at="2020-09-05T09:46:25 IST" duration-ms="14671" status="PASS">
          <params>
            <param index="0">
              <value>
                <![CDATA[Chrome]]>
              </value>
            </param>
            <param index="1">
              <value>
                <![CDATA[https://www.facebook.com/]]>
              </value>
            </param>
          </params>
          <reporter-output>
            <line>
              <![CDATA[Browser started running]]>
            </line>
          </reporter-output>
        </test-method> <!-- setup -->
        <test-method signature="loginApp()[pri:0, instance:com.learnautomation.testcases.LoginTestFB@1a84f40f]" started-at="2020-09-05T09:46:25 IST" name="loginApp" finished-at="2020-09-05T09:46:38 IST" duration-ms="12771" status="PASS">
          <reporter-output>
          </reporter-output>
        </test-method> <!-- loginApp -->
        <test-method is-config="true" signature="teardownmethod(org.testng.ITestResult)[pri:0, instance:com.learnautomation.testcases.LoginTestFB@1a84f40f]" started-at="2020-09-05T09:46:38 IST" name="teardownmethod" finished-at="2020-09-05T09:46:39 IST" duration-ms="1108" status="PASS">
          <params>
            <param index="0">
              <value>
                <![CDATA[[TestResult name=loginApp status=SUCCESS method=LoginTestFB.loginApp()[pri:0, instance:com.learnautomation.testcases.LoginTestFB@1a84f40f] output={null}]]]>
              </value>
            </param>
          </params>
          <reporter-output>
            <line>
              <![CDATA[Reports Generated]]>
            </line>
          </reporter-output>
        </test-method> <!-- teardownmethod -->
        <test-method is-config="true" signature="tearDown()[pri:0, instance:com.learnautomation.testcases.LoginTestFB@1a84f40f]" started-at="2020-09-05T09:46:39 IST" name="tearDown" finished-at="2020-09-05T09:46:41 IST" duration-ms="1369" status="PASS">
          <reporter-output>
          </reporter-output>
        </test-method> <!-- tearDown -->
      </class> <!-- com.learnautomation.testcases.LoginTestFB -->
    </test> <!-- Test -->
  </suite> <!-- Suite -->
</testng-results>
